Arguments: 
  /home/eden/.nvm/versions/node/v10.16.0/bin/node /home/eden/.nvm/versions/node/v10.16.0/bin/yarn start

PATH: 
  /tmp/yarn--1564170959371-0.7511491631640903:/home/eden/Code/StaffStatus/server/node_modules/.bin:/home/eden/.config/yarn/link/node_modules/.bin:/home/eden/.nvm/versions/node/v10.16.0/libexec/lib/node_modules/npm/bin/node-gyp-bin:/home/eden/.nvm/versions/node/v10.16.0/lib/node_modules/npm/bin/node-gyp-bin:/home/eden/.nvm/versions/node/v10.16.0/bin/node_modules/npm/bin/node-gyp-bin:/tmp/yarn--1564170958735-0.48461742606321523:/home/eden/Code/StaffStatus/server/node_modules/.bin:/home/eden/.config/yarn/link/node_modules/.bin:/home/eden/.yarn/bin:/home/eden/.nvm/versions/node/v10.16.0/libexec/lib/node_modules/npm/bin/node-gyp-bin:/home/eden/.nvm/versions/node/v10.16.0/lib/node_modules/npm/bin/node-gyp-bin:/home/eden/.nvm/versions/node/v10.16.0/bin/node_modules/npm/bin/node-gyp-bin:/home/eden/.nvm/versions/node/v10.16.0/bin:/usr/local/sbin:/usr/local/bin:/usr/sbin:/usr/bin:/sbin:/bin:/usr/games:/usr/local/games:/snap/bin

Yarn version: 
  1.17.3

Node version: 
  10.16.0

Platform: 
  linux x64

Trace: 
  SyntaxError: /home/eden/Code/StaffStatus/client/package.json: Unexpected string in JSON at position 670
      at JSON.parse (<anonymous>)
      at /home/eden/.nvm/versions/node/v10.16.0/lib/node_modules/yarn/lib/cli.js:1625:59
      at Generator.next (<anonymous>)
      at step (/home/eden/.nvm/versions/node/v10.16.0/lib/node_modules/yarn/lib/cli.js:304:30)
      at /home/eden/.nvm/versions/node/v10.16.0/lib/node_modules/yarn/lib/cli.js:315:13

npm manifest: 
  {
    "name": "client",
    "version": "0.1.0",
    "private": true,
    "dependencies": {
      "axios": "^0.19.0",
      "react": "^16.8.6",
      "react-dom": "^16.8.6",
      "react-router-dom": "^5.0.1",
      "react-scripts": "3.0.1"
    },
    "scripts": {
      "start": "react-scripts start",
      "build": "react-scripts build",
      "test": "react-scripts test",
      "eject": "react-scripts eject"
    },
    "eslintConfig": {
      "extends": "react-app"
    },
    "browserslist": {
      "production": [
        ">0.2%",
        "not dead",
        "not op_mini all"
      ],
      "development": [
        "last 1 chrome version",
        "last 1 firefox version",
        "last 1 safari version"
      ]
    }
    "proxy": "http://localhost:5035/"
  }

yarn manifest: 
  No manifest

Lockfile: 
  No lockfile
